0 info it worked if it ends with ok
1 verbose cli [ '/usr/local/bin/node',
1 verbose cli   '/usr/local/bin/npm',
1 verbose cli   'version',
1 verbose cli   '1.0.4' ]
2 info using npm@2.9.1
3 info using node@v0.12.3
4 verbose node symlink /usr/local/bin/node
5 info git [ 'status', '--porcelain' ]
6 verbose version.write data { name: 'run-time',
6 verbose version.write   version: '1.0.4',
6 verbose version.write   description: 'generate runtime configuration for node.js apps.',
6 verbose version.write   main: 'index.js',
6 verbose version.write   bin: { runtime: './index.js' },
6 verbose version.write   scripts:
6 verbose version.write    { test: 'echo "Error: no test specified" && exit 1',
6 verbose version.write      prepublish: 'cp index-init.js runtime-init.js && cp index-add.js runtime-add.js && cp index-remove.js runtime-remove.js' },
6 verbose version.write   repository: { type: 'git', url: 'https://github.com/intesso/run-time.git' },
6 verbose version.write   keywords: [ 'production', 'server', 'runtime', 'nginx', 'upstart', 'forever' ],
6 verbose version.write   author: 'Andi Neck',
6 verbose version.write   license: 'MIT',
6 verbose version.write   bugs: { url: 'https://github.com/intesso/run-time/issues' },
6 verbose version.write   homepage: 'https://github.com/intesso/run-time',
6 verbose version.write   dependencies:
6 verbose version.write    { commander: '^2.8.1',
6 verbose version.write      debug: '^2.2.0',
6 verbose version.write      defaults: '^1.0.2',
6 verbose version.write      ejs: '^2.3.3',
6 verbose version.write      minimist: '^1.1.2',
6 verbose version.write      'path-is-absolute': '^1.0.0',
6 verbose version.write      shelljs: '^0.5.1',
6 verbose version.write      'utils-merge': '^1.0.0' } } to package.json
7 info git [ 'add', 'package.json' ]
8 info git [ 'commit', '-m', '1.0.4' ]
9 info git [ 'tag', 'v1.0.4', '-am', '1.0.4' ]
10 verbose stack Error: Command failed: git tag v1.0.4 -am 1.0.4
10 verbose stack fatal: tag 'v1.0.4' already exists
10 verbose stack
10 verbose stack     at ChildProcess.exithandler (child_process.js:751:12)
10 verbose stack     at ChildProcess.emit (events.js:110:17)
10 verbose stack     at maybeClose (child_process.js:1015:16)
10 verbose stack     at Socket.<anonymous> (child_process.js:1183:11)
10 verbose stack     at Socket.emit (events.js:107:17)
10 verbose stack     at Pipe.close (net.js:485:12)
11 verbose cwd /Users/andineck/Development/github/run-time
12 error Darwin 14.4.0
13 error argv "/usr/local/bin/node" "/usr/local/bin/npm" "version" "1.0.4"
14 error node v0.12.3
15 error npm  v2.9.1
16 error code 128
17 error Command failed: git tag v1.0.4 -am 1.0.4
17 error fatal: tag 'v1.0.4' already exists
18 error If you need help, you may report this error at:
18 error     <https://github.com/npm/npm/issues>
19 verbose exit [ 1, true ]
